SF:lib/config/routes.dart
DA:10,1
DA:13,0
DA:14,0
DA:27,4
DA:29,0
DA:32,9
DA:35,1
DA:36,2
DA:40,1
DA:41,2
DA:45,2
DA:46,4
DA:49,2
DA:50,0
DA:56,1
DA:57,1
DA:61,0
DA:63,0
DA:64,0
DA:67,0
DA:68,0
DA:69,0
DA:73,2
DA:75,2
DA:76,4
DA:79,2
DA:80,2
DA:81,0
DA:82,2
DA:83,0
DA:84,2
DA:85,3
DA:86,1
DA:87,0
DA:88,1
DA:89,0
DA:90,1
DA:91,3
DA:93,0
DA:102,1
DA:104,1
DA:106,1
DA:108,1
DA:110,0
DA:113,0
DA:121,1
DA:123,1
DA:125,2
LF:48
LH:31
end_of_record
SF:lib/widgets/navbar.dart
DA:11,1
DA:17,1
DA:18,1
DA:46,1
DA:48,1
DA:49,2
DA:53,3
DA:54,2
DA:58,2
DA:60,1
DA:61,2
DA:65,0
DA:66,0
DA:67,0
DA:70,0
DA:71,0
DA:72,0
DA:78,1
DA:81,2
DA:82,2
DA:83,1
DA:86,1
DA:88,1
DA:90,4
DA:91,1
DA:95,1
DA:96,3
DA:99,1
DA:102,1
DA:103,0
DA:105,1
DA:108,1
DA:110,2
DA:111,2
DA:112,2
DA:113,2
DA:114,1
DA:116,2
DA:120,1
DA:122,1
DA:125,4
DA:130,1
DA:131,0
DA:132,1
DA:133,1
DA:138,2
DA:139,2
DA:140,2
DA:141,2
DA:142,1
DA:144,2
DA:149,1
DA:151,1
DA:152,1
DA:158,1
DA:159,1
DA:160,1
DA:167,1
DA:172,1
DA:173,1
DA:175,1
DA:176,1
DA:178,2
DA:183,2
DA:184,2
DA:185,2
DA:186,1
DA:188,2
DA:190,4
DA:196,1
DA:198,1
DA:199,1
DA:200,1
DA:201,1
DA:202,2
DA:203,2
DA:208,1
DA:209,4
DA:212,1
DA:213,1
DA:214,1
DA:216,3
DA:217,1
DA:220,1
DA:221,1
DA:222,1
DA:223,1
DA:224,1
DA:225,1
DA:229,3
DA:230,3
DA:233,5
DA:235,1
DA:236,1
DA:238,2
DA:240,1
DA:243,1
DA:245,1
DA:258,1
DA:259,1
DA:261,1
DA:262,1
DA:265,1
DA:267,1
DA:269,1
DA:271,1
DA:272,1
DA:275,1
DA:288,1
DA:289,1
DA:291,1
DA:292,1
DA:296,1
DA:297,1
DA:300,0
DA:301,1
DA:306,2
DA:307,1
DA:308,1
DA:311,0
DA:312,1
DA:318,1
DA:319,1
DA:320,1
DA:323,1
LF:125
LH:115
end_of_record
SF:lib/screens/cart_page.dart
DA:20,2
DA:22,2
DA:23,2
DA:30,2
DA:32,2
DA:34,6
DA:35,2
DA:36,2
DA:41,2
DA:42,2
DA:43,4
DA:46,2
DA:47,2
DA:48,0
DA:50,4
DA:52,2
DA:56,0
DA:61,0
DA:70,0
DA:71,0
DA:72,0
DA:73,0
DA:74,0
DA:75,0
DA:82,0
DA:83,0
DA:85,0
DA:88,0
DA:91,0
DA:92,0
DA:94,0
DA:95,0
DA:96,0
DA:97,0
DA:101,0
DA:103,0
DA:104,0
DA:107,0
DA:108,0
DA:110,0
DA:111,0
DA:112,0
DA:119,0
DA:121,0
DA:123,0
DA:125,0
DA:126,0
DA:127,0
DA:128,0
DA:131,0
DA:135,0
DA:136,0
DA:137,0
DA:139,0
DA:143,0
DA:147,0
DA:148,0
DA:150,0
DA:151,0
DA:154,0
DA:155,0
DA:157,0
DA:158,0
DA:164,0
DA:166,0
DA:167,0
DA:170,0
DA:171,0
DA:172,0
DA:176,0
DA:179,0
DA:180,0
DA:185,0
DA:186,0
DA:187,0
DA:188,0
DA:189,0
DA:190,0
DA:193,0
DA:196,0
DA:198,0
DA:202,0
DA:205,0
DA:206,0
DA:207,0
DA:208,0
DA:209,0
DA:215,0
DA:217,0
DA:221,0
DA:222,0
DA:223,0
DA:224,0
DA:225,0
DA:229,0
DA:230,0
DA:231,0
DA:233,0
DA:234,0
DA:235,0
DA:236,0
DA:243,2
DA:245,2
DA:247,2
DA:248,2
DA:255,2
DA:256,2
DA:257,2
DA:258,4
DA:259,1
DA:260,2
DA:262,6
DA:268,1
DA:269,1
DA:270,1
DA:271,1
DA:273,1
DA:274,1
DA:277,1
DA:280,1
DA:282,1
DA:285,1
DA:289,1
DA:291,2
DA:295,1
DA:296,1
DA:297,1
DA:301,1
DA:303,1
DA:304,1
DA:305,1
DA:306,1
DA:315,2
DA:316,2
DA:318,4
DA:319,2
DA:320,4
DA:322,2
DA:324,2
DA:326,2
DA:327,2
DA:328,2
DA:330,2
DA:331,2
DA:332,2
DA:334,2
DA:335,2
DA:336,2
DA:337,2
DA:339,2
DA:340,2
DA:341,2
DA:342,4
DA:343,2
DA:346,4
DA:347,0
DA:350,2
DA:359,2
DA:364,2
DA:365,2
DA:366,2
DA:373,2
DA:375,2
DA:380,2
DA:381,2
DA:383,2
DA:385,2
DA:386,2
DA:387,2
DA:389,3
DA:391,2
DA:393,2
DA:394,4
DA:401,2
DA:403,3
DA:413,0
DA:414,0
DA:416,0
DA:418,0
DA:420,0
DA:425,0
DA:426,0
DA:427,0
DA:431,0
DA:432,0
DA:436,0
DA:447,0
DA:448,0
DA:449,0
DA:450,0
DA:451,0
DA:453,0
DA:460,0
DA:465,2
DA:469,2
DA:471,2
DA:472,2
DA:474,2
DA:477,2
DA:483,2
DA:484,2
DA:486,2
DA:489,2
DA:490,2
DA:491,2
DA:500,2
DA:502,2
DA:503,2
DA:505,2
DA:508,2
DA:512,2
DA:514,2
DA:516,2
DA:517,12
DA:526,4
DA:527,0
DA:529,0
DA:534,0
DA:535,0
DA:536,0
DA:538,0
DA:544,4
DA:545,0
DA:547,0
DA:552,0
DA:553,0
DA:562,2
DA:563,2
DA:565,2
DA:570,2
DA:571,6
DA:580,2
DA:581,2
DA:582,2
DA:583,2
DA:584,2
DA:586,4
DA:587,1
DA:588,1
DA:603,2
DA:604,2
DA:605,0
LF:242
LH:126
end_of_record
SF:lib/screens/home_page.dart
DA:13,2
DA:15,2
DA:16,2
DA:20,1
DA:21,3
DA:24,2
DA:26,2
DA:28,8
DA:30,2
DA:32,2
DA:34,8
DA:36,2
DA:38,2
DA:39,2
DA:40,4
DA:44,2
DA:45,2
DA:46,2
DA:48,2
DA:49,2
DA:50,6
DA:51,2
DA:52,8
DA:60,1
DA:61,0
DA:62,1
DA:63,1
DA:64,1
DA:66,1
DA:67,4
DA:68,4
DA:71,1
DA:73,1
DA:74,4
DA:82,2
DA:84,2
DA:86,2
DA:88,2
DA:89,2
DA:91,8
DA:92,8
DA:94,8
DA:95,8
DA:96,2
DA:97,2
DA:100,3
DA:103,2
DA:106,3
DA:109,2
DA:112,3
DA:115,2
DA:118,3
DA:124,2
DA:127,3
DA:139,2
DA:145,2
DA:149,2
DA:150,2
DA:151,2
DA:152,2
DA:153,2
DA:155,2
DA:157,2
DA:158,2
DA:160,2
DA:165,2
DA:181,2
DA:187,2
DA:188,2
DA:189,8
DA:190,8
DA:192,2
DA:193,2
DA:194,2
DA:196,2
DA:198,2
DA:199,2
DA:202,2
DA:204,2
DA:209,2
LF:80
LH:79
end_of_record
SF:lib/screens/login_page.dart
DA:18,16
DA:20,2
DA:21,2
DA:30,2
DA:32,4
DA:33,4
DA:34,2
DA:42,2
DA:44,2
DA:46,2
DA:48,2
DA:50,2
DA:52,2
DA:62,2
DA:63,2
DA:65,2
DA:66,2
DA:67,4
DA:68,0
DA:70,5
DA:71,3
DA:78,2
DA:79,2
DA:82,2
DA:84,2
DA:85,2
DA:87,2
DA:88,2
DA:89,3
DA:90,1
DA:91,1
DA:96,1
DA:97,1
DA:103,2
DA:104,2
DA:108,2
DA:109,2
DA:110,2
DA:111,2
DA:113,2
DA:114,2
DA:118,2
DA:119,2
DA:123,2
DA:124,1
DA:127,1
DA:128,1
DA:131,1
DA:134,1
DA:151,2
DA:152,2
DA:157,1
DA:158,1
DA:159,1
DA:161,1
DA:178,1
DA:179,2
DA:180,2
DA:182,2
DA:183,1
DA:186,5
DA:187,5
DA:190,3
DA:191,3
DA:192,2
DA:193,3
DA:195,1
DA:197,2
DA:198,2
DA:200,2
DA:202,1
DA:204,1
DA:205,2
DA:207,1
DA:209,1
DA:211,1
DA:215,2
DA:219,1
DA:222,0
DA:224,2
DA:227,1
DA:231,2
DA:232,3
DA:233,3
DA:237,0
DA:239,0
DA:240,0
DA:241,0
DA:247,4
DA:248,1
DA:249,3
DA:250,1
DA:252,1
DA:257,2
DA:258,1
DA:264,1
DA:265,2
DA:267,2
DA:268,1
DA:271,5
DA:272,5
DA:273,5
DA:274,5
DA:277,3
DA:279,1
DA:280,2
DA:281,2
DA:282,2
DA:286,1
DA:288,2
DA:289,3
DA:296,1
DA:297,1
DA:298,2
DA:299,1
DA:303,1
DA:305,3
DA:306,3
DA:307,1
DA:308,3
DA:313,2
DA:314,1
DA:319,2
DA:324,2
DA:326,2
DA:327,2
DA:328,2
DA:329,2
DA:331,2
DA:333,2
DA:334,2
DA:336,2
DA:343,2
DA:344,2
DA:346,2
DA:347,2
DA:348,2
DA:349,2
DA:351,2
DA:352,2
DA:354,2
DA:359,2
DA:360,2
DA:361,2
DA:363,1
DA:364,4
DA:372,2
DA:373,2
DA:374,2
DA:376,2
DA:378,2
DA:380,2
DA:382,2
DA:385,2
DA:395,1
DA:396,1
DA:397,1
DA:398,1
LF:158
LH:152
end_of_record
SF:lib/screens/order_history.dart
DA:13,0
DA:15,0
DA:16,0
DA:24,0
DA:26,0
DA:27,0
DA:30,0
DA:31,0
DA:32,0
DA:33,0
DA:34,0
DA:43,0
DA:47,0
DA:51,0
DA:53,0
DA:54,0
DA:56,0
DA:57,0
DA:58,0
DA:59,0
DA:62,0
DA:64,0
DA:65,0
DA:66,0
DA:71,0
DA:72,0
DA:73,0
DA:74,0
DA:75,0
DA:76,0
DA:77,0
DA:78,0
DA:81,0
DA:82,0
DA:83,0
DA:84,0
DA:85,0
DA:87,0
DA:89,0
DA:92,0
DA:93,0
DA:94,0
DA:95,0
DA:105,0
DA:106,0
DA:107,0
DA:109,0
DA:110,0
DA:113,0
DA:115,0
DA:117,0
DA:130,0
DA:132,0
DA:134,0
DA:137,0
DA:138,0
DA:140,0
DA:141,0
DA:142,0
DA:144,0
DA:146,0
DA:148,0
DA:158,0
DA:159,0
DA:160,0
DA:165,0
DA:166,0
DA:167,0
DA:168,0
DA:170,0
DA:171,0
DA:172,0
DA:178,0
DA:179,0
DA:181,0
DA:188,0
DA:197,0
DA:198,0
DA:200,0
DA:202,0
DA:203,0
DA:204,0
DA:205,0
DA:208,0
DA:210,0
DA:211,0
DA:225,0
DA:227,0
DA:228,0
DA:229,0
DA:244,0
DA:245,0
DA:246,0
DA:247,0
DA:248,0
DA:249,0
DA:257,0
DA:258,0
DA:259,0
DA:261,0
DA:262,0
DA:265,0
DA:268,0
DA:270,0
DA:273,0
DA:277,0
DA:280,0
DA:287,0
DA:288,0
DA:289,0
DA:291,0
DA:292,0
DA:295,0
DA:298,0
DA:300,0
DA:303,0
DA:307,0
DA:310,0
DA:317,0
DA:318,0
DA:319,0
DA:320,0
DA:321,0
DA:322,0
DA:324,0
DA:326,0
DA:327,0
DA:328,0
DA:330,0
DA:331,0
DA:332,0
DA:333,0
DA:335,0
DA:336,0
DA:340,0
DA:342,0
DA:344,0
DA:345,0
DA:346,0
DA:347,0
DA:353,0
DA:354,0
DA:364,0
DA:366,0
DA:367,0
DA:368,0
DA:369,0
DA:371,0
DA:375,0
DA:376,0
DA:377,0
DA:378,0
DA:384,0
DA:389,0
DA:390,0
DA:391,0
DA:393,0
DA:394,0
DA:404,0
DA:406,0
DA:407,0
DA:409,0
DA:410,0
DA:412,0
DA:413,0
DA:414,0
DA:418,0
DA:420,0
DA:421,0
DA:438,0
DA:453,0
DA:456,0
DA:457,0
DA:459,0
DA:460,0
DA:461,0
DA:462,0
DA:463,0
DA:464,0
DA:465,0
DA:468,0
DA:471,0
DA:472,0
DA:480,0
DA:481,0
DA:482,0
DA:483,0
LF:187
LH:0
end_of_record
SF:lib/screens/scan_page.dart
DA:8,1
DA:10,1
DA:12,1
DA:14,2
DA:38,2
DA:44,2
DA:47,2
DA:48,4
DA:49,4
DA:50,2
DA:52,2
DA:53,2
DA:57,2
DA:58,2
DA:59,2
DA:60,2
DA:61,2
DA:66,2
DA:67,2
DA:68,4
DA:69,2
DA:70,2
DA:75,2
DA:76,2
DA:77,4
DA:78,2
DA:79,2
DA:84,2
DA:85,2
DA:86,4
DA:87,2
DA:88,4
DA:93,1
DA:101,8
DA:103,2
DA:104,2
DA:113,2
DA:115,2
DA:116,2
DA:124,2
DA:125,2
DA:126,2
DA:129,2
DA:130,6
DA:131,8
DA:137,2
DA:138,2
DA:139,2
DA:141,2
DA:143,2
DA:144,2
DA:145,2
DA:146,2
DA:147,2
DA:148,1
DA:149,1
DA:150,1
DA:151,2
DA:152,2
DA:154,2
DA:155,1
DA:156,2
DA:158,1
DA:161,1
DA:167,2
DA:168,2
DA:169,2
DA:175,2
DA:176,2
DA:179,2
DA:180,2
DA:182,2
DA:183,2
DA:185,6
DA:192,4
DA:194,2
DA:198,2
DA:199,2
DA:204,2
DA:206,2
DA:223,2
DA:225,2
DA:226,2
DA:227,6
DA:233,2
DA:238,2
DA:239,2
DA:240,2
DA:243,2
DA:244,8
DA:248,2
DA:250,2
DA:251,2
DA:252,0
DA:254,0
DA:256,0
DA:258,0
DA:260,0
DA:261,0
DA:262,0
DA:266,2
DA:271,2
DA:272,2
DA:273,2
DA:275,6
DA:277,2
DA:278,2
DA:301,1
DA:302,2
DA:305,2
DA:306,1
DA:307,1
DA:312,1
DA:314,1
DA:316,2
DA:317,1
DA:321,1
DA:322,1
DA:323,1
DA:324,2
DA:330,0
DA:331,0
DA:332,0
DA:335,1
DA:337,2
DA:338,1
DA:339,1
DA:346,1
DA:347,1
DA:355,3
DA:356,1
DA:357,1
DA:364,1
DA:366,1
DA:369,2
DA:370,1
DA:371,1
LF:137
LH:127
end_of_record
SF:lib/screens/user_page.dart
DA:11,0
DA:13,0
DA:14,0
DA:21,0
DA:23,0
DA:24,0
DA:27,0
DA:28,0
DA:29,0
DA:30,0
DA:31,0
DA:34,0
DA:38,0
DA:40,0
DA:42,0
DA:43,0
DA:44,0
DA:45,0
DA:46,0
DA:47,0
DA:49,0
DA:50,0
DA:51,0
DA:53,0
DA:54,0
DA:57,0
DA:58,0
DA:59,0
DA:60,0
DA:61,0
DA:72,0
DA:73,0
DA:75,0
DA:76,0
DA:77,0
DA:78,0
DA:79,0
DA:84,0
DA:88,0
DA:89,0
DA:90,0
DA:91,0
DA:92,0
DA:94,0
DA:97,0
DA:99,0
DA:102,0
DA:104,0
DA:107,0
DA:109,0
DA:112,0
DA:114,0
DA:117,0
DA:119,0
DA:134,0
DA:136,0
DA:138,0
DA:139,0
DA:141,0
DA:142,0
DA:149,0
DA:151,0
DA:152,0
DA:164,0
DA:165,0
DA:170,0
DA:172,0
DA:176,0
DA:179,0
DA:180,0
DA:181,0
DA:182,0
DA:184,0
DA:185,0
DA:188,0
DA:190,0
DA:191,0
DA:213,0
DA:219,0
DA:221,0
DA:222,0
DA:223,0
DA:224,0
DA:236,7
DA:243,0
DA:245,0
DA:246,0
DA:247,0
DA:248,0
DA:249,0
DA:258,0
DA:260,0
DA:262,0
DA:264,0
DA:265,0
DA:266,0
DA:268,0
DA:269,0
DA:273,0
DA:274,0
LF:100
LH:1
end_of_record
SF:lib/firebase_options.dart
DA:18,0
DA:20,0
DA:25,0
DA:26,0
DA:28,0
DA:30,0
DA:31,0
DA:35,0
DA:36,0
DA:40,0
DA:41,0
DA:46,0
LF:12
LH:0
end_of_record
SF:lib/screens/order_product_card.dart
DA:6,2
DA:8,2
DA:10,2
DA:11,4
DA:13,4
DA:15,4
DA:16,6
DA:17,4
DA:18,6
DA:19,4
DA:22,0
DA:23,2
DA:24,2
DA:25,2
DA:27,0
DA:28,4
DA:30,2
DA:32,2
DA:34,2
DA:36,2
DA:37,2
DA:38,2
DA:40,0
DA:41,2
DA:43,2
DA:46,2
DA:47,2
DA:51,2
DA:53,2
DA:55,2
DA:56,2
DA:57,2
DA:60,2
DA:63,2
DA:64,0
DA:67,0
DA:68,0
DA:74,2
DA:81,2
DA:84,2
DA:85,2
DA:87,2
DA:88,2
DA:90,2
DA:99,2
DA:100,0
DA:101,0
DA:103,0
DA:112,2
DA:115,2
DA:116,2
DA:117,2
DA:122,2
DA:123,2
DA:124,4
DA:125,2
DA:128,2
DA:134,2
DA:137,2
DA:138,2
DA:139,2
DA:141,2
DA:142,2
DA:144,2
DA:148,2
DA:150,2
DA:151,2
DA:153,2
DA:158,2
DA:159,4
DA:160,2
LF:71
LH:62
end_of_record
SF:lib/stores/cart_store.dart
DA:13,6
DA:16,0
DA:19,0
DA:22,0
DA:25,0
DA:26,0
DA:27,0
DA:31,2
DA:32,2
DA:33,2
DA:37,2
DA:38,2
DA:39,2
DA:43,2
DA:44,4
DA:45,0
DA:49,0
DA:50,0
DA:51,0
DA:52,0
DA:53,0
DA:57,2
DA:58,14
DA:61,2
DA:62,4
DA:67,0
DA:70,0
DA:74,0
DA:77,0
DA:79,0
DA:80,0
DA:82,0
DA:83,0
DA:86,0
DA:89,0
DA:91,0
DA:94,0
DA:97,0
DA:99,0
DA:101,0
DA:102,0
DA:115,2
DA:116,10
DA:117,0
DA:125,4
DA:128,4
DA:131,0
DA:132,0
DA:137,0
DA:138,0
DA:139,0
DA:141,0
DA:144,0
DA:147,0
DA:150,0
DA:152,0
DA:153,0
DA:154,0
DA:161,0
DA:162,0
DA:166,2
DA:167,6
DA:168,2
DA:185,2
DA:186,4
DA:188,2
DA:190,0
DA:193,4
DA:196,2
DA:205,1
DA:206,5
DA:207,1
DA:208,4
DA:209,1
DA:220,1
DA:221,5
DA:222,1
DA:223,4
DA:224,4
DA:226,2
DA:228,1
DA:238,0
DA:239,0
DA:240,0
DA:249,1
DA:250,2
DA:251,1
LF:87
LH:40
end_of_record
SF:lib/stores/user_store.dart
DA:16,4
DA:28,4
DA:38,2
DA:39,4
DA:40,2
DA:41,2
DA:42,2
DA:53,0
DA:54,0
DA:55,0
DA:56,0
DA:76,0
DA:77,0
LF:13
LH:7
end_of_record
SF:lib/theme/app_colors.dart
DA:7,9
DA:8,0
DA:9,0
DA:13,0
DA:14,3
DA:21,0
LF:6
LH:2
end_of_record
SF:lib/utils/api/product.dart
DA:8,0
DA:11,0
DA:12,0
DA:15,0
DA:17,0
DA:19,0
DA:21,0
DA:22,0
DA:23,0
DA:26,0
DA:32,0
DA:34,0
DA:36,0
DA:37,0
DA:38,0
DA:39,0
DA:40,0
DA:42,0
DA:44,0
DA:45,0
DA:46,0
DA:48,0
DA:52,3
DA:54,6
DA:56,0
DA:57,0
DA:58,0
DA:59,0
DA:61,0
DA:64,0
DA:66,3
DA:67,0
DA:75,1
DA:77,1
DA:78,1
LF:35
LH:6
end_of_record
SF:lib/utils/http.dart
DA:7,12
DA:8,4
DA:17,3
DA:18,1
DA:26,1
DA:28,4
DA:29,1
DA:30,1
DA:34,3
DA:35,1
DA:40,6
DA:43,0
DA:46,0
LF:13
LH:11
end_of_record
SF:lib/screens/deals_page.dart
DA:4,1
DA:6,1
DA:8,1
DA:9,1
DA:12,1
LF:5
LH:5
end_of_record
SF:lib/screens/search_product_page.dart
DA:8,1
DA:10,1
DA:11,1
DA:20,0
DA:21,0
DA:22,0
DA:23,0
DA:24,0
DA:29,0
DA:31,0
DA:32,0
DA:33,0
DA:36,0
DA:37,0
DA:41,0
DA:42,0
DA:45,0
DA:46,0
DA:51,1
DA:55,1
DA:56,1
DA:57,1
DA:59,1
DA:63,1
DA:64,1
DA:65,1
DA:67,1
DA:68,1
DA:69,0
DA:70,0
DA:71,0
DA:73,0
DA:74,0
DA:77,0
DA:80,0
DA:83,0
DA:84,0
DA:86,0
DA:88,0
DA:96,2
DA:97,0
DA:98,0
DA:99,0
DA:101,0
DA:102,0
DA:103,0
DA:104,0
DA:106,0
DA:112,0
DA:113,0
DA:114,0
DA:115,0
DA:116,0
DA:118,0
DA:125,5
DA:126,0
DA:127,0
DA:128,0
DA:130,0
DA:131,0
DA:135,0
DA:136,0
DA:139,0
DA:143,0
DA:144,0
DA:146,0
DA:149,0
DA:152,0
DA:153,0
DA:155,0
DA:156,0
DA:163,3
DA:164,1
DA:165,1
DA:166,1
DA:168,1
DA:169,1
DA:172,2
DA:174,1
DA:175,1
DA:177,1
DA:180,1
DA:183,1
DA:184,1
DA:186,1
DA:187,1
DA:195,0
DA:196,0
DA:198,0
DA:199,0
DA:200,0
DA:201,0
DA:202,0
DA:203,0
DA:205,0
DA:209,0
DA:210,0
DA:211,0
DA:212,0
DA:213,0
DA:214,0
DA:215,0
DA:216,0
DA:217,0
DA:218,0
DA:219,0
DA:221,0
DA:222,0
DA:223,0
DA:227,0
DA:228,0
DA:229,0
DA:230,0
DA:231,0
DA:233,0
DA:234,0
DA:235,0
DA:236,0
DA:237,0
DA:238,0
DA:240,0
DA:243,0
DA:244,0
DA:245,0
DA:246,0
DA:247,0
DA:250,0
DA:251,0
DA:254,0
DA:255,0
DA:256,0
DA:262,0
DA:263,0
DA:264,0
DA:265,0
DA:268,0
DA:269,0
DA:270,0
DA:271,0
DA:278,0
DA:279,0
DA:280,0
DA:281,0
DA:282,0
DA:286,0
DA:287,0
DA:291,0
DA:292,0
DA:293,0
DA:296,0
DA:298,0
DA:300,0
DA:303,0
DA:304,0
DA:305,0
DA:312,0
DA:316,0
DA:337,1
DA:338,1
DA:339,1
DA:340,1
DA:341,1
DA:342,1
DA:343,1
DA:344,1
DA:345,3
DA:347,1
DA:351,1
DA:352,1
DA:353,1
DA:354,1
DA:356,1
DA:357,1
DA:358,1
DA:359,0
DA:360,0
DA:364,1
DA:366,0
DA:370,1
DA:371,1
DA:372,1
DA:373,1
DA:374,1
DA:375,1
DA:376,1
DA:377,1
DA:378,1
DA:379,1
DA:380,1
DA:381,1
DA:384,0
DA:385,0
DA:386,0
LF:193
LH:60
end_of_record
SF:lib/screens/promotions_page.dart
DA:11,1
DA:13,1
DA:14,1
DA:22,1
DA:24,1
DA:25,1
DA:28,1
DA:29,2
DA:31,1
DA:32,3
DA:33,2
DA:34,3
DA:41,2
DA:42,1
DA:43,1
DA:48,1
DA:52,1
DA:53,2
DA:54,1
DA:55,1
DA:60,1
DA:62,0
DA:63,0
DA:66,2
DA:67,2
DA:70,2
DA:71,1
DA:76,1
DA:78,1
DA:79,1
DA:80,1
DA:82,1
DA:83,1
DA:84,1
DA:85,1
DA:86,2
DA:87,1
DA:89,3
DA:90,2
DA:91,2
DA:93,0
DA:94,0
DA:95,0
DA:96,0
DA:97,0
DA:98,0
DA:99,0
DA:102,0
DA:103,0
DA:104,0
DA:108,0
DA:109,0
DA:112,0
DA:115,0
DA:117,0
DA:118,0
DA:119,0
DA:120,0
DA:121,0
DA:122,0
DA:126,0
DA:127,0
DA:128,0
DA:130,0
DA:131,0
DA:132,0
LF:66
LH:38
end_of_record
SF:lib/screens/shopping_lists_page.dart
DA:4,1
DA:6,1
DA:8,1
DA:9,1
DA:12,1
LF:5
LH:5
end_of_record
SF:lib/screens/recipe_page.dart
DA:8,1
DA:10,1
DA:11,1
DA:19,1
DA:21,1
DA:22,1
DA:25,1
DA:28,1
DA:29,2
DA:30,2
DA:31,2
DA:32,0
DA:33,0
DA:36,2
DA:37,1
DA:38,1
DA:41,0
DA:42,0
DA:43,0
DA:48,1
DA:50,1
DA:51,1
DA:54,1
DA:56,1
DA:59,1
DA:66,2
DA:67,0
DA:68,0
DA:69,0
DA:70,0
DA:71,0
DA:73,0
DA:74,0
DA:75,0
DA:79,0
DA:80,0
DA:81,0
DA:82,0
DA:84,0
DA:86,0
DA:87,0
DA:88,0
DA:89,0
DA:91,0
DA:92,0
DA:93,0
DA:94,0
DA:102,0
DA:103,0
DA:122,0
DA:124,0
DA:126,0
DA:127,0
DA:128,0
DA:130,0
DA:132,0
DA:133,0
DA:135,0
DA:136,0
LF:59
LH:21
end_of_record
SF:lib/utils/api/auth.dart
DA:23,0
DA:25,0
DA:36,0
DA:39,0
DA:42,0
DA:45,0
DA:48,0
DA:53,0
DA:59,0
DA:67,0
DA:69,0
DA:70,0
LF:12
LH:0
end_of_record
SF:lib/utils/api/user.dart
DA:6,0
DA:8,0
DA:10,0
DA:11,0
DA:12,0
DA:16,0
DA:18,0
DA:20,0
DA:21,0
DA:22,0
LF:10
LH:0
end_of_record
SF:lib/utils/firebase_utils.dart
DA:12,0
DA:13,0
DA:16,0
DA:17,0
DA:18,0
DA:19,0
DA:23,0
DA:25,0
DA:26,0
DA:27,0
DA:28,0
DA:31,0
DA:34,0
DA:35,0
DA:37,0
DA:40,0
DA:45,0
DA:47,0
DA:48,0
DA:51,0
DA:52,0
DA:53,0
DA:54,0
DA:57,0
DA:58,0
DA:59,0
DA:60,0
DA:67,0
DA:68,0
DA:72,0
DA:73,0
DA:74,0
DA:75,0
DA:76,0
DA:82,0
DA:83,0
DA:84,0
DA:85,0
LF:38
LH:0
end_of_record
SF:lib/screens/order_details_page.dart
DA:8,0
DA:10,0
DA:11,0
DA:17,0
DA:19,0
DA:20,0
DA:23,0
DA:25,0
DA:26,0
DA:28,0
DA:30,0
DA:31,0
DA:32,0
DA:35,0
DA:38,0
DA:39,0
DA:40,0
DA:45,0
DA:47,0
DA:48,0
DA:49,0
DA:50,0
DA:54,0
DA:56,0
DA:57,0
DA:58,0
DA:59,0
DA:60,0
DA:61,0
DA:62,0
DA:63,0
DA:64,0
DA:65,0
DA:66,0
DA:67,0
DA:70,0
DA:72,0
DA:75,0
DA:76,0
DA:77,0
DA:78,0
DA:79,0
DA:81,0
DA:87,0
DA:88,0
DA:89,0
DA:90,0
DA:91,0
DA:92,0
DA:93,0
DA:94,0
DA:95,0
DA:99,0
DA:100,0
DA:102,0
DA:104,0
DA:105,0
DA:107,0
DA:109,0
DA:110,0
DA:111,0
LF:61
LH:0
end_of_record
SF:lib/utils/api/detalscommand.dart
DA:5,0
DA:7,0
DA:8,0
DA:11,0
DA:13,0
DA:14,0
DA:15,0
DA:16,0
DA:17,0
DA:18,0
DA:19,0
DA:20,0
DA:21,0
DA:23,0
DA:24,0
DA:26,0
DA:27,0
DA:28,0
DA:29,0
DA:34,0
DA:35,0
LF:21
LH:0
end_of_record
SF:lib/utils/api/history.dart
DA:5,0
DA:7,0
DA:11,0
DA:12,0
LF:4
LH:0
end_of_record
SF:lib/screens/product_page.dart
DA:19,2
DA:21,2
DA:22,2
DA:29,2
DA:31,2
DA:32,6
DA:35,2
DA:37,4
DA:38,2
DA:41,6
DA:43,1
DA:44,2
DA:45,2
DA:49,1
DA:50,2
DA:51,2
DA:59,1
DA:60,2
DA:63,1
DA:65,1
DA:66,3
DA:67,3
DA:68,3
DA:69,3
DA:72,1
DA:75,1
DA:76,1
DA:77,2
DA:78,1
DA:79,1
DA:80,1
DA:82,1
DA:84,1
DA:91,1
DA:100,1
DA:101,4
DA:111,2
DA:112,1
DA:113,3
DA:114,3
DA:116,2
DA:117,1
DA:119,2
DA:122,3
DA:123,1
DA:124,4
DA:132,2
DA:134,2
DA:135,2
DA:137,2
DA:150,2
DA:151,2
DA:153,2
DA:154,2
DA:155,0
DA:156,2
DA:160,2
DA:161,2
DA:162,2
DA:163,2
DA:165,6
DA:168,2
DA:170,2
DA:171,2
DA:172,2
DA:173,2
DA:175,2
DA:177,6
DA:180,2
DA:182,6
DA:192,2
DA:198,2
DA:199,2
DA:201,2
DA:202,2
DA:203,2
DA:204,2
DA:205,2
DA:217,2
DA:218,2
DA:219,2
LF:81
LH:80
end_of_record
SF:lib/type/cart_item.dart
DA:8,2
DA:16,0
LF:2
LH:1
end_of_record
SF:lib/type/product.dart
DA:11,3
DA:22,0
DA:23,0
DA:24,0
DA:25,0
DA:26,0
DA:27,0
DA:28,0
DA:29,0
DA:30,0
DA:32,0
DA:33,0
DA:34,0
DA:35,0
DA:39,0
DA:41,0
LF:16
LH:1
end_of_record
SF:lib/widgets/product/product_detail_tab.dart
DA:10,2
DA:15,1
DA:17,1
DA:19,1
DA:30,1
DA:32,1
DA:37,1
DA:38,1
DA:40,1
DA:42,1
DA:43,3
DA:45,3
DA:47,3
DA:53,1
DA:54,1
DA:56,1
DA:58,1
DA:68,1
DA:69,2
DA:70,1
DA:71,1
LF:21
LH:21
end_of_record
SF:lib/widgets/product/product_info_tab.dart
DA:9,2
DA:14,2
DA:16,2
DA:18,2
DA:20,8
DA:21,2
DA:24,2
DA:29,2
DA:30,2
DA:33,2
DA:35,2
DA:44,2
DA:45,8
DA:57,2
DA:58,2
DA:60,2
DA:62,2
DA:74,2
DA:75,4
DA:76,2
DA:77,2
LF:21
LH:21
end_of_record
SF:lib/widgets/product/product_header.dart
DA:8,2
DA:13,2
DA:15,2
DA:18,2
DA:19,2
DA:20,2
DA:22,2
DA:23,2
DA:24,2
DA:25,4
DA:34,2
DA:40,2
DA:41,2
DA:43,2
DA:45,2
DA:47,2
DA:48,6
DA:49,0
DA:50,0
LF:19
LH:17
end_of_record
SF:lib/widgets/product/tab_selector.dart
DA:9,2
DA:16,2
DA:18,2
DA:20,2
DA:21,2
DA:22,2
DA:24,2
DA:25,2
DA:27,2
DA:30,4
DA:32,5
DA:33,4
DA:34,10
DA:38,2
DA:40,2
DA:41,2
DA:42,2
DA:48,2
DA:49,2
DA:50,2
DA:51,2
DA:53,4
DA:54,2
DA:57,2
DA:58,2
DA:60,4
DA:61,2
DA:71,2
DA:76,2
DA:78,2
DA:80,2
DA:81,2
DA:83,2
LF:33
LH:33
end_of_record
SF:lib/type/promo.dart
DA:15,0
DA:28,0
DA:29,0
DA:30,0
DA:31,0
DA:32,0
DA:33,0
DA:34,0
DA:35,0
DA:36,0
DA:37,0
DA:38,0
DA:39,0
DA:40,0
DA:41,0
DA:45,0
DA:47,0
LF:17
LH:0
end_of_record
SF:lib/type/user.dart
DA:5,0
DA:7,0
DA:8,0
DA:9,0
DA:11,0
DA:15,0
DA:16,0
DA:26,0
DA:28,0
DA:29,0
DA:30,0
DA:31,0
DA:32,0
DA:33,0
DA:37,0
DA:38,0
DA:39,0
DA:40,0
DA:41,0
DA:42,0
DA:53,0
DA:55,0
DA:56,0
DA:57,0
DA:58,0
DA:60,0
DA:61,0
DA:62,0
DA:63,0
DA:64,0
DA:68,0
DA:69,0
DA:70,0
DA:71,0
DA:72,0
DA:89,2
DA:102,0
DA:103,0
DA:104,0
DA:105,0
DA:106,0
DA:107,0
DA:109,0
DA:110,0
DA:111,0
DA:112,0
DA:113,0
DA:114,0
DA:115,0
DA:116,0
DA:117,0
DA:122,0
DA:123,0
DA:124,0
DA:125,0
DA:126,0
DA:127,0
DA:128,0
DA:129,0
DA:130,0
DA:131,0
DA:132,0
DA:137,0
DA:138,0
DA:141,0
DA:142,0
DA:143,0
DA:144,0
DA:145,0
LF:69
LH:1
end_of_record
SF:lib/utils/jwt_handler.dart
DA:19,0
DA:20,0
DA:34,1
DA:35,2
DA:45,0
DA:46,0
LF:6
LH:2
end_of_record
SF:lib/utils/api/push_notifications.dart
DA:3,0
DA:4,0
DA:6,0
LF:3
LH:0
end_of_record
SF:lib/utils/interceptor.dart
DA:14,1
DA:16,0
DA:21,0
DA:24,0
DA:27,0
DA:30,0
DA:33,0
DA:34,0
DA:36,0
DA:37,0
DA:38,0
DA:40,0
DA:41,0
DA:42,0
DA:43,0
DA:44,0
DA:45,0
DA:46,0
DA:51,0
DA:54,0
DA:55,0
DA:56,0
DA:57,0
DA:58,0
LF:24
LH:1
end_of_record
SF:lib/widgets/common/detail_row.dart
DA:8,1
DA:14,1
DA:16,1
DA:18,1
DA:19,1
DA:21,1
DA:22,1
DA:23,1
DA:24,1
DA:30,1
DA:31,1
DA:32,1
LF:12
LH:12
end_of_record
SF:lib/widgets/common/info_container.dart
DA:9,2
DA:16,2
DA:18,2
DA:20,2
DA:21,2
DA:22,2
DA:23,2
DA:24,2
DA:25,4
DA:28,2
LF:10
LH:10
end_of_record
SF:lib/main.dart
DA:13,0
DA:14,0
DA:16,0
DA:20,2
DA:22,1
DA:24,1
DA:25,1
DA:26,1
DA:27,1
DA:29,1
DA:30,1
DA:32,3
DA:33,1
DA:36,1
DA:37,1
DA:41,1
DA:42,1
DA:45,1
DA:49,1
DA:50,1
DA:63,1
DA:65,1
DA:66,1
DA:73,1
DA:75,1
DA:76,1
DA:79,1
DA:81,3
DA:82,1
DA:84,1
DA:86,2
DA:87,2
DA:88,1
DA:91,1
DA:92,1
DA:94,0
DA:96,0
DA:97,0
DA:98,0
DA:103,0
DA:104,0
DA:107,0
DA:108,0
DA:109,0
DA:110,0
DA:113,0
DA:114,0
DA:117,0
DA:121,0
DA:123,0
DA:124,0
DA:125,0
DA:126,0
DA:127,0
DA:133,1
DA:135,1
DA:136,1
DA:137,1
DA:138,1
DA:140,1
DA:143,1
DA:145,3
DA:151,0
DA:152,0
DA:154,0
DA:155,0
DA:156,0
LF:67
LH:40
end_of_record
SF:lib/widgets/app_layout.dart
DA:9,0
DA:16,0
DA:17,0
DA:21,0
DA:23,0
DA:24,0
DA:25,0
DA:26,0
DA:27,0
LF:9
LH:0
end_of_record
